Visual Studio Code GitHub Extension
git symbolic-ref -q HEAD
git --version
git for-each-ref --format='%(upstream)' 'refs/heads/main'
git config --local --get remote.origin.url
git symbolic-ref -q HEAD
git for-each-ref --format='%(upstream)' 'refs/heads/main'
git config --local --get remote.origin.url
Failed to connect to provider "No token found for host github.com"
git rev-parse --abbrev-ref HEAD
git symbolic-ref -q HEAD
git for-each-ref --format='%(upstream)' 'refs/heads/main'
git config --local --get remote.origin.url
git symbolic-ref -q HEAD
git for-each-ref --format='%(upstream)' 'refs/heads/main'
git config --local --get remote.origin.url
git symbolic-ref -q HEAD
git for-each-ref --format='%(upstream)' 'refs/heads/main'
git config --local --get remote.origin.url
git rev-parse --show-toplevel
git symbolic-ref -q HEAD
git for-each-ref --format='%(upstream)' 'refs/heads/main'
git config --local --get remote.origin.url
git symbolic-ref -q HEAD
git for-each-ref --format='%(upstream)' 'refs/heads/main'
git config --local --get remote.origin.url
git rev-parse --abbrev-ref HEAD
git rev-parse --show-toplevel
Command failed with ENOENT: git rev-parse --show-toplevel
spawn git ENOENT
Error: Command failed with ENOENT: git rev-parse --show-toplevel
spawn git ENOENT
	at Process.ChildProcess._handle.onexit (node:internal/child_process:282:19)
	at onErrorNT (node:internal/child_process:477:16)
	at processTicksAndRejections (node:internal/process/task_queues:83:21)
