[2022-04-06 08:38:58.200] [exthost] [info] Extension host with pid 12564 started
[2022-04-06 08:38:58.206] [exthost] [info] Lock '/home/hansol-test/.vscode-server/data/User/workspaceStorage/b03eab0ccadea0547548b2da4fbd8d48/vscode.lock': Lock acquired.
[2022-04-06 08:38:58.343] [exthost] [info] ExtensionService#_doActivateExtension vscode.debug-auto-launch, startup: true, activationEvent: '*'
[2022-04-06 08:38:58.353] [exthost] [info] ExtensionService#_doActivateExtension vscode.git-base, startup: true, activationEvent: '*'
[2022-04-06 08:38:58.366] [exthost] [info] ExtensionService#_doActivateExtension vscode.ipynb, startup: true, activationEvent: '*'
[2022-04-06 08:38:58.412] [exthost] [info] ExtensionService#_doActivateExtension KnisterPeter.vscode-github, startup: true, activationEvent: '*'
[2022-04-06 08:38:58.689] [exthost] [info] ExtensionService#_doActivateExtension vscode.github, startup: true, activationEvent: '*'
[2022-04-06 08:38:58.938] [exthost] [info] ExtensionService#_doActivateExtension vscode.emmet, startup: false, activationEvent: 'onStartupFinished'
[2022-04-06 08:38:58.959] [exthost] [info] ExtensionService#_doActivateExtension vscode.merge-conflict, startup: false, activationEvent: 'onStartupFinished'
[2022-04-06 08:38:58.965] [exthost] [info] Eager extensions activated
[2022-04-06 08:39:06.002] [exthost] [info] ExtensionService#_doActivateExtension vscode.php-language-features, startup: false, activationEvent: 'onLanguage:php'
[2022-04-06 08:39:06.019] [exthost] [info] ExtensionService#_doActivateExtension bmewburn.vscode-intelephense-client, startup: false, activationEvent: 'onLanguage:php'
[2022-04-06 08:39:13.588] [exthost] [info] extension host terminating: received terminate message from renderer
[2022-04-06 08:39:13.588] [exthost] [info] Lock '/home/hansol-test/.vscode-server/data/User/workspaceStorage/b03eab0ccadea0547548b2da4fbd8d48/vscode.lock': Marking the lockfile as scheduled to be released in 6000 ms.
[2022-04-06 08:39:13.595] [exthost] [error] An error occurred when deactivating the subscriptions for extension 'bmewburn.vscode-intelephense-client':
[2022-04-06 08:39:13.599] [exthost] [error] TypeError: Cannot read private member from an object whose class did not declare it
	at Le (/home/hansol-test/.vscode-server/bin/e18005f0f1b33c29e81d732535d8c0e47cafb0b5/out/vs/workbench/api/node/extensionHostProcess.js:90:7020)
	at Object.dispose (/home/hansol-test/.vscode-server/bin/e18005f0f1b33c29e81d732535d8c0e47cafb0b5/out/vs/workbench/api/node/extensionHostProcess.js:76:117996)
	at g (/home/hansol-test/.vscode-server/bin/e18005f0f1b33c29e81d732535d8c0e47cafb0b5/out/vs/workbench/api/node/extensionHostProcess.js:8:12329)
	at u._deactivate (/home/hansol-test/.vscode-server/bin/e18005f0f1b33c29e81d732535d8c0e47cafb0b5/out/vs/workbench/api/node/extensionHostProcess.js:90:11919)
	at /home/hansol-test/.vscode-server/bin/e18005f0f1b33c29e81d732535d8c0e47cafb0b5/out/vs/workbench/api/node/extensionHostProcess.js:90:10231
	at Array.map (<anonymous>)
	at u.deactivateAll (/home/hansol-test/.vscode-server/bin/e18005f0f1b33c29e81d732535d8c0e47cafb0b5/out/vs/workbench/api/node/extensionHostProcess.js:90:10218)
	at E.terminate (/home/hansol-test/.vscode-server/bin/e18005f0f1b33c29e81d732535d8c0e47cafb0b5/out/vs/workbench/api/node/extensionHostProcess.js:94:880)
	at d (/home/hansol-test/.vscode-server/bin/e18005f0f1b33c29e81d732535d8c0e47cafb0b5/out/vs/workbench/api/node/extensionHostProcess.js:104:36250)
	at /home/hansol-test/.vscode-server/bin/e18005f0f1b33c29e81d732535d8c0e47cafb0b5/out/vs/workbench/api/node/extensionHostProcess.js:104:34212
	at u.invoke (/home/hansol-test/.vscode-server/bin/e18005f0f1b33c29e81d732535d8c0e47cafb0b5/out/vs/workbench/api/node/extensionHostProcess.js:58:145)
	at v.fire (/home/hansol-test/.vscode-server/bin/e18005f0f1b33c29e81d732535d8c0e47cafb0b5/out/vs/workbench/api/node/extensionHostProcess.js:58:1856)
	at d.fire (/home/hansol-test/.vscode-server/bin/e18005f0f1b33c29e81d732535d8c0e47cafb0b5/out/vs/workbench/api/node/extensionHostProcess.js:66:19034)
	at o._receiveMessage (/home/hansol-test/.vscode-server/bin/e18005f0f1b33c29e81d732535d8c0e47cafb0b5/out/vs/workbench/api/node/extensionHostProcess.js:66:23615)
	at /home/hansol-test/.vscode-server/bin/e18005f0f1b33c29e81d732535d8c0e47cafb0b5/out/vs/workbench/api/node/extensionHostProcess.js:66:21149
	at u.invoke (/home/hansol-test/.vscode-server/bin/e18005f0f1b33c29e81d732535d8c0e47cafb0b5/out/vs/workbench/api/node/extensionHostProcess.js:58:145)
	at v.fire (/home/hansol-test/.vscode-server/bin/e18005f0f1b33c29e81d732535d8c0e47cafb0b5/out/vs/workbench/api/node/extensionHostProcess.js:58:1856)
	at v.acceptChunk (/home/hansol-test/.vscode-server/bin/e18005f0f1b33c29e81d732535d8c0e47cafb0b5/out/vs/workbench/api/node/extensionHostProcess.js:66:15865)
	at /home/hansol-test/.vscode-server/bin/e18005f0f1b33c29e81d732535d8c0e47cafb0b5/out/vs/workbench/api/node/extensionHostProcess.js:66:14995
	at u.invoke (/home/hansol-test/.vscode-server/bin/e18005f0f1b33c29e81d732535d8c0e47cafb0b5/out/vs/workbench/api/node/extensionHostProcess.js:58:145)
	at v.fire (/home/hansol-test/.vscode-server/bin/e18005f0f1b33c29e81d732535d8c0e47cafb0b5/out/vs/workbench/api/node/extensionHostProcess.js:58:1856)
	at l._processReadQueue (/home/hansol-test/.vscode-server/bin/e18005f0f1b33c29e81d732535d8c0e47cafb0b5/out/vs/workbench/api/node/extensionHostProcess.js:104:21279)
[2022-04-06 08:39:14.617] [exthost] [info] Extension host with pid 12564 exiting with code 0
