*
* Visual Studio Code Server
*
* By using the software, you agree to
* the Visual Studio Code Server License Terms (https://aka.ms/vscode-server-license) and
* the Microsoft Privacy Statement (https://privacy.microsoft.com/en-US/privacystatement).
*
Server bound to 127.0.0.1:36670 (IPv4)
Extension host agent listening on 36670

[10:11:04] Extension host agent started.
[10:11:05] [127.0.0.1][c7169120][ManagementConnection] New connection established.
[10:11:05] [127.0.0.1][4683fa04][ExtensionHostConnection] New connection established.
[10:11:05] Deleted from disk ms-ceintl.vscode-language-pack-ko /home/hansol-test/.vscode-server/extensions/ms-ceintl.vscode-language-pack-ko-1.66.2
[10:11:05] [127.0.0.1][4683fa04][ExtensionHostConnection] <27082> Launched Extension Host Process.
Overwriting extension /home/hansol-test/.vscode-server/bin/dfd34e8260c270da74b5c2d86d61aee4b6d56977/extensions/ms-vscode.js-debug-companion with /home/hansol-test/.vscode-server/extensions/ms-vscode.js-debug-companion-1.0.17.
Overwriting extension /home/hansol-test/.vscode-server/bin/dfd34e8260c270da74b5c2d86d61aee4b6d56977/extensions/ms-vscode.references-view with /home/hansol-test/.vscode-server/extensions/ms-vscode.references-view-0.0.89.
[IPC Library: Pty Host]  WARN Shell integration cannot be enabled for executable "/bin/sh" and args [
  '-c',
  'wget --version > /dev/null\n' +
    'if [ $? -eq 0 ]\n' +
    'then\n' +
    "\twget --connect-timeout=7 --tries=1 --dns-timeout=7 -q --header='Metadata:true' -O - http://169.254.169.254/metadata/instance?api-version=2019-03-11\n" +
    'else\n' +
    '\tcurl --version > /dev/null\n' +
    '\tif [ $? -eq 0 ]\n' +
    '\tthen\n' +
    "\t\tcurl --connect-timeout 7 -s --header='Metadata:true' http://169.254.169.254/metadata/instance?api-version=2019-03-11\n" +
    '\tfi\n' +
    'fi\n' +
    'exit 0'
]
[IPC Library: Pty Host]  WARN Shell integration cannot be enabled for executable "/bin/sh" and args [
  '-c',
  'wget --version > /dev/null\n' +
    'if [ $? -eq 0 ]\n' +
    'then\n' +
    '\twget --connect-timeout=7 --tries=1 --dns-timeout=7 -q  -O - http://169.254.169.254/latest/meta-data/instance-id\n' +
    'else\n' +
    '\tcurl --version > /dev/null\n' +
    '\tif [ $? -eq 0 ]\n' +
    '\tthen\n' +
    '\t\tcurl --connect-timeout 7 -s  http://169.254.169.254/latest/meta-data/instance-id\n' +
    '\tfi\n' +
    'fi\n' +
    'exit 0'
]
[IPC Library: Pty Host]  WARN Shell integration cannot be enabled for executable "/bin/sh" and args [
  '-c',
  'wget --version > /dev/null\n' +
    'if [ $? -eq 0 ]\n' +
    'then\n' +
    '\twget --connect-timeout=7 --tries=1 --dns-timeout=7 -q  -O - http://169.254.169.254/metadata/v1/id\n' +
    'else\n' +
    '\tcurl --version > /dev/null\n' +
    '\tif [ $? -eq 0 ]\n' +
    '\tthen\n' +
    '\t\tcurl --connect-timeout 7 -s  http://169.254.169.254/metadata/v1/id\n' +
    '\tfi\n' +
    'fi\n' +
    'exit 0'
]
[IPC Library: Pty Host]  WARN Shell integration cannot be enabled for executable "/bin/sh" and args [
  '-c',
  'wget --version > /dev/null\n' +
    'if [ $? -eq 0 ]\n' +
    'then\n' +
    "\twget --connect-timeout=7 --tries=1 --dns-timeout=7 -q --header='Metadata-Flavor:Google' -O - http://metadata.google.internal/computeMetadata/v1/instance/id\n" +
    'else\n' +
    '\tcurl --version > /dev/null\n' +
    '\tif [ $? -eq 0 ]\n' +
    '\tthen\n' +
    "\t\tcurl --connect-timeout 7 -s --header='Metadata-Flavor:Google' http://metadata.google.internal/computeMetadata/v1/instance/id\n" +
    '\tfi\n' +
    'fi\n' +
    'exit 0'
]
[IPC Library: Pty Host]  WARN Shell integration cannot be enabled for executable "/bin/bash" and args []
[13:25:28] [127.0.0.1][c7169120][ManagementConnection] The client has disconnected gracefully, so the connection will be disposed.
[13:25:28] [127.0.0.1][4683fa04][ExtensionHostConnection] <27082> Extension Host Process exited with code: 0, signal: null.
Last EH closed, waiting before shutting down
[13:25:28] Last EH closed, waiting before shutting down
Got delay-shutdown request while in shutdown timeout, delaying
[13:25:50] Got delay-shutdown request while in shutdown timeout, delaying
Cancelling previous shutdown timeout
[13:25:50] Cancelling previous shutdown timeout
[13:25:50] [127.0.0.1][efe3b543][ManagementConnection] New connection established.
[13:25:50] [127.0.0.1][bfa1a85e][ExtensionHostConnection] New connection established.
[13:25:50] [127.0.0.1][bfa1a85e][ExtensionHostConnection] <7567> Launched Extension Host Process.
Overwriting extension /home/hansol-test/.vscode-server/bin/dfd34e8260c270da74b5c2d86d61aee4b6d56977/extensions/ms-vscode.js-debug-companion with /home/hansol-test/.vscode-server/extensions/ms-vscode.js-debug-companion-1.0.17.
Overwriting extension /home/hansol-test/.vscode-server/bin/dfd34e8260c270da74b5c2d86d61aee4b6d56977/extensions/ms-vscode.references-view with /home/hansol-test/.vscode-server/extensions/ms-vscode.references-view-0.0.89.
[IPC Library: Pty Host]  WARN Shell integration cannot be enabled for executable "/bin/sh" and args [
  '-c',
  'wget --version > /dev/null\n' +
    'if [ $? -eq 0 ]\n' +
    'then\n' +
    "\twget --connect-timeout=7 --tries=1 --dns-timeout=7 -q --header='Metadata:true' -O - http://169.254.169.254/metadata/instance?api-version=2019-03-11\n" +
    'else\n' +
    '\tcurl --version > /dev/null\n' +
    '\tif [ $? -eq 0 ]\n' +
    '\tthen\n' +
    "\t\tcurl --connect-timeout 7 -s --header='Metadata:true' http://169.254.169.254/metadata/instance?api-version=2019-03-11\n" +
    '\tfi\n' +
    'fi\n' +
    'exit 0'
]
[IPC Library: Pty Host]  WARN Shell integration cannot be enabled for executable "/bin/sh" and args [
  '-c',
  'wget --version > /dev/null\n' +
    'if [ $? -eq 0 ]\n' +
    'then\n' +
    '\twget --connect-timeout=7 --tries=1 --dns-timeout=7 -q  -O - http://169.254.169.254/latest/meta-data/instance-id\n' +
    'else\n' +
    '\tcurl --version > /dev/null\n' +
    '\tif [ $? -eq 0 ]\n' +
    '\tthen\n' +
    '\t\tcurl --connect-timeout 7 -s  http://169.254.169.254/latest/meta-data/instance-id\n' +
    '\tfi\n' +
    'fi\n' +
    'exit 0'
]
[IPC Library: Pty Host]  WARN Shell integration cannot be enabled for executable "/bin/sh" and args [
  '-c',
  'wget --version > /dev/null\n' +
    'if [ $? -eq 0 ]\n' +
    'then\n' +
    '\twget --connect-timeout=7 --tries=1 --dns-timeout=7 -q  -O - http://169.254.169.254/metadata/v1/id\n' +
    'else\n' +
    '\tcurl --version > /dev/null\n' +
    '\tif [ $? -eq 0 ]\n' +
    '\tthen\n' +
    '\t\tcurl --connect-timeout 7 -s  http://169.254.169.254/metadata/v1/id\n' +
    '\tfi\n' +
    'fi\n' +
    'exit 0'
]
[IPC Library: Pty Host]  WARN Shell integration cannot be enabled for executable "/bin/sh" and args [
  '-c',
  'wget --version > /dev/null\n' +
    'if [ $? -eq 0 ]\n' +
    'then\n' +
    "\twget --connect-timeout=7 --tries=1 --dns-timeout=7 -q --header='Metadata-Flavor:Google' -O - http://metadata.google.internal/computeMetadata/v1/instance/id\n" +
    'else\n' +
    '\tcurl --version > /dev/null\n' +
    '\tif [ $? -eq 0 ]\n' +
    '\tthen\n' +
    "\t\tcurl --connect-timeout 7 -s --header='Metadata-Flavor:Google' http://metadata.google.internal/computeMetadata/v1/instance/id\n" +
    '\tfi\n' +
    'fi\n' +
    'exit 0'
]
[IPC Library: Pty Host]  WARN Shell integration cannot be enabled for executable "/bin/bash" and args []
[IPC Library: Pty Host]  INFO Persistent process "6": Replaying 5172 chars and 1 size events
New EH opened, aborting shutdown
[13:30:50] New EH opened, aborting shutdown
[13:33:45] [127.0.0.1][efe3b543][ManagementConnection] The client has disconnected gracefully, so the connection will be disposed.
[13:33:45] [127.0.0.1][bfa1a85e][ExtensionHostConnection] <7567> Extension Host Process exited with code: 0, signal: null.
Last EH closed, waiting before shutting down
[13:33:45] Last EH closed, waiting before shutting down
Got delay-shutdown request while in shutdown timeout, delaying
[13:33:54] Got delay-shutdown request while in shutdown timeout, delaying
Cancelling previous shutdown timeout
[13:33:54] Cancelling previous shutdown timeout
[13:33:54] [127.0.0.1][55dfeb42][ManagementConnection] New connection established.
[13:33:54] [127.0.0.1][06e9735f][ExtensionHostConnection] New connection established.
[13:33:54] [127.0.0.1][06e9735f][ExtensionHostConnection] <8660> Launched Extension Host Process.
Overwriting extension /home/hansol-test/.vscode-server/bin/dfd34e8260c270da74b5c2d86d61aee4b6d56977/extensions/ms-vscode.js-debug-companion with /home/hansol-test/.vscode-server/extensions/ms-vscode.js-debug-companion-1.0.17.
Overwriting extension /home/hansol-test/.vscode-server/bin/dfd34e8260c270da74b5c2d86d61aee4b6d56977/extensions/ms-vscode.references-view with /home/hansol-test/.vscode-server/extensions/ms-vscode.references-view-0.0.89.
[IPC Library: Pty Host]  WARN Shell integration cannot be enabled for executable "/bin/sh" and args [
  '-c',
  'wget --version > /dev/null\n' +
    'if [ $? -eq 0 ]\n' +
    'then\n' +
    "\twget --connect-timeout=7 --tries=1 --dns-timeout=7 -q --header='Metadata:true' -O - http://169.254.169.254/metadata/instance?api-version=2019-03-11\n" +
    'else\n' +
    '\tcurl --version > /dev/null\n' +
    '\tif [ $? -eq 0 ]\n' +
    '\tthen\n' +
    "\t\tcurl --connect-timeout 7 -s --header='Metadata:true' http://169.254.169.254/metadata/instance?api-version=2019-03-11\n" +
    '\tfi\n' +
    'fi\n' +
    'exit 0'
]
[IPC Library: Pty Host]  WARN Shell integration cannot be enabled for executable "/bin/sh" and args [
  '-c',
  'wget --version > /dev/null\n' +
    'if [ $? -eq 0 ]\n' +
    'then\n' +
    '\twget --connect-timeout=7 --tries=1 --dns-timeout=7 -q  -O - http://169.254.169.254/latest/meta-data/instance-id\n' +
    'else\n' +
    '\tcurl --version > /dev/null\n' +
    '\tif [ $? -eq 0 ]\n' +
    '\tthen\n' +
    '\t\tcurl --connect-timeout 7 -s  http://169.254.169.254/latest/meta-data/instance-id\n' +
    '\tfi\n' +
    'fi\n' +
    'exit 0'
]
[IPC Library: Pty Host]  WARN Shell integration cannot be enabled for executable "/bin/sh" and args [
  '-c',
  'wget --version > /dev/null\n' +
    'if [ $? -eq 0 ]\n' +
    'then\n' +
    '\twget --connect-timeout=7 --tries=1 --dns-timeout=7 -q  -O - http://169.254.169.254/metadata/v1/id\n' +
    'else\n' +
    '\tcurl --version > /dev/null\n' +
    '\tif [ $? -eq 0 ]\n' +
    '\tthen\n' +
    '\t\tcurl --connect-timeout 7 -s  http://169.254.169.254/metadata/v1/id\n' +
    '\tfi\n' +
    'fi\n' +
    'exit 0'
]
[IPC Library: Pty Host]  WARN Shell integration cannot be enabled for executable "/bin/sh" and args [
  '-c',
  'wget --version > /dev/null\n' +
    'if [ $? -eq 0 ]\n' +
    'then\n' +
    "\twget --connect-timeout=7 --tries=1 --dns-timeout=7 -q --header='Metadata-Flavor:Google' -O - http://metadata.google.internal/computeMetadata/v1/instance/id\n" +
    'else\n' +
    '\tcurl --version > /dev/null\n' +
    '\tif [ $? -eq 0 ]\n' +
    '\tthen\n' +
    "\t\tcurl --connect-timeout 7 -s --header='Metadata-Flavor:Google' http://metadata.google.internal/computeMetadata/v1/instance/id\n" +
    '\tfi\n' +
    'fi\n' +
    'exit 0'
]
[IPC Library: Pty Host]  WARN Shell integration cannot be enabled for executable "/bin/bash" and args []
[IPC Library: Pty Host]  INFO Persistent process "11": Replaying 6534 chars and 1 size events
[13:34:59] [127.0.0.1][55dfeb42][ManagementConnection] The client has disconnected gracefully, so the connection will be disposed.
[13:34:59] [127.0.0.1][06e9735f][ExtensionHostConnection] <8660> Extension Host Process exited with code: 0, signal: null.
Cancelling previous shutdown timeout
[13:34:59] Cancelling previous shutdown timeout
Last EH closed, waiting before shutting down
[13:34:59] Last EH closed, waiting before shutting down
Got delay-shutdown request while in shutdown timeout, delaying
[13:35:07] Got delay-shutdown request while in shutdown timeout, delaying
Cancelling previous shutdown timeout
[13:35:07] Cancelling previous shutdown timeout
[13:35:07] [127.0.0.1][b65e3bae][ManagementConnection] New connection established.
[13:35:07] [127.0.0.1][d057bacb][ExtensionHostConnection] New connection established.
[13:35:07] [127.0.0.1][d057bacb][ExtensionHostConnection] <8895> Launched Extension Host Process.
Overwriting extension /home/hansol-test/.vscode-server/bin/dfd34e8260c270da74b5c2d86d61aee4b6d56977/extensions/ms-vscode.js-debug-companion with /home/hansol-test/.vscode-server/extensions/ms-vscode.js-debug-companion-1.0.17.
Overwriting extension /home/hansol-test/.vscode-server/bin/dfd34e8260c270da74b5c2d86d61aee4b6d56977/extensions/ms-vscode.references-view with /home/hansol-test/.vscode-server/extensions/ms-vscode.references-view-0.0.89.
[IPC Library: Pty Host]  WARN Shell integration cannot be enabled for executable "/bin/sh" and args [
  '-c',
  'wget --version > /dev/null\n' +
    'if [ $? -eq 0 ]\n' +
    'then\n' +
    "\twget --connect-timeout=7 --tries=1 --dns-timeout=7 -q --header='Metadata:true' -O - http://169.254.169.254/metadata/instance?api-version=2019-03-11\n" +
    'else\n' +
    '\tcurl --version > /dev/null\n' +
    '\tif [ $? -eq 0 ]\n' +
    '\tthen\n' +
    "\t\tcurl --connect-timeout 7 -s --header='Metadata:true' http://169.254.169.254/metadata/instance?api-version=2019-03-11\n" +
    '\tfi\n' +
    'fi\n' +
    'exit 0'
]
[IPC Library: Pty Host]  WARN Shell integration cannot be enabled for executable "/bin/sh" and args [
  '-c',
  'wget --version > /dev/null\n' +
    'if [ $? -eq 0 ]\n' +
    'then\n' +
    '\twget --connect-timeout=7 --tries=1 --dns-timeout=7 -q  -O - http://169.254.169.254/latest/meta-data/instance-id\n' +
    'else\n' +
    '\tcurl --version > /dev/null\n' +
    '\tif [ $? -eq 0 ]\n' +
    '\tthen\n' +
    '\t\tcurl --connect-timeout 7 -s  http://169.254.169.254/latest/meta-data/instance-id\n' +
    '\tfi\n' +
    'fi\n' +
    'exit 0'
]
[IPC Library: Pty Host]  WARN Shell integration cannot be enabled for executable "/bin/sh" and args [
  '-c',
  'wget --version > /dev/null\n' +
    'if [ $? -eq 0 ]\n' +
    'then\n' +
    '\twget --connect-timeout=7 --tries=1 --dns-timeout=7 -q  -O - http://169.254.169.254/metadata/v1/id\n' +
    'else\n' +
    '\tcurl --version > /dev/null\n' +
    '\tif [ $? -eq 0 ]\n' +
    '\tthen\n' +
    '\t\tcurl --connect-timeout 7 -s  http://169.254.169.254/metadata/v1/id\n' +
    '\tfi\n' +
    'fi\n' +
    'exit 0'
]
[IPC Library: Pty Host]  WARN Shell integration cannot be enabled for executable "/bin/sh" and args [
  '-c',
  'wget --version > /dev/null\n' +
    'if [ $? -eq 0 ]\n' +
    'then\n' +
    "\twget --connect-timeout=7 --tries=1 --dns-timeout=7 -q --header='Metadata-Flavor:Google' -O - http://metadata.google.internal/computeMetadata/v1/instance/id\n" +
    'else\n' +
    '\tcurl --version > /dev/null\n' +
    '\tif [ $? -eq 0 ]\n' +
    '\tthen\n' +
    "\t\tcurl --connect-timeout 7 -s --header='Metadata-Flavor:Google' http://metadata.google.internal/computeMetadata/v1/instance/id\n" +
    '\tfi\n' +
    'fi\n' +
    'exit 0'
]
[IPC Library: Pty Host]  WARN Shell integration cannot be enabled for executable "/bin/bash" and args []
[IPC Library: Pty Host]  INFO Persistent process "16": Replaying 6480 chars and 1 size events
New EH opened, aborting shutdown
[13:40:07] New EH opened, aborting shutdown
[13:45:50] [127.0.0.1][b65e3bae][ManagementConnection] The client has disconnected gracefully, so the connection will be disposed.
[13:45:50] [127.0.0.1][d057bacb][ExtensionHostConnection] <8895> Extension Host Process exited with code: 0, signal: null.
Last EH closed, waiting before shutting down
[13:45:50] Last EH closed, waiting before shutting down
Got delay-shutdown request while in shutdown timeout, delaying
[13:45:58] Got delay-shutdown request while in shutdown timeout, delaying
Cancelling previous shutdown timeout
[13:45:58] Cancelling previous shutdown timeout
[13:45:58] [127.0.0.1][a631eb41][ManagementConnection] New connection established.
[13:45:58] [127.0.0.1][4ef44351][ExtensionHostConnection] New connection established.
[13:45:58] [127.0.0.1][4ef44351][ExtensionHostConnection] <10540> Launched Extension Host Process.
Overwriting extension /home/hansol-test/.vscode-server/bin/dfd34e8260c270da74b5c2d86d61aee4b6d56977/extensions/ms-vscode.js-debug-companion with /home/hansol-test/.vscode-server/extensions/ms-vscode.js-debug-companion-1.0.17.
Overwriting extension /home/hansol-test/.vscode-server/bin/dfd34e8260c270da74b5c2d86d61aee4b6d56977/extensions/ms-vscode.references-view with /home/hansol-test/.vscode-server/extensions/ms-vscode.references-view-0.0.89.
[IPC Library: Pty Host]  WARN Shell integration cannot be enabled for executable "/bin/sh" and args [
  '-c',
  'wget --version > /dev/null\n' +
    'if [ $? -eq 0 ]\n' +
    'then\n' +
    "\twget --connect-timeout=7 --tries=1 --dns-timeout=7 -q --header='Metadata:true' -O - http://169.254.169.254/metadata/instance?api-version=2019-03-11\n" +
    'else\n' +
    '\tcurl --version > /dev/null\n' +
    '\tif [ $? -eq 0 ]\n' +
    '\tthen\n' +
    "\t\tcurl --connect-timeout 7 -s --header='Metadata:true' http://169.254.169.254/metadata/instance?api-version=2019-03-11\n" +
    '\tfi\n' +
    'fi\n' +
    'exit 0'
]
[IPC Library: Pty Host]  WARN Shell integration cannot be enabled for executable "/bin/sh" and args [
  '-c',
  'wget --version > /dev/null\n' +
    'if [ $? -eq 0 ]\n' +
    'then\n' +
    '\twget --connect-timeout=7 --tries=1 --dns-timeout=7 -q  -O - http://169.254.169.254/latest/meta-data/instance-id\n' +
    'else\n' +
    '\tcurl --version > /dev/null\n' +
    '\tif [ $? -eq 0 ]\n' +
    '\tthen\n' +
    '\t\tcurl --connect-timeout 7 -s  http://169.254.169.254/latest/meta-data/instance-id\n' +
    '\tfi\n' +
    'fi\n' +
    'exit 0'
]
[IPC Library: Pty Host]  WARN Shell integration cannot be enabled for executable "/bin/sh" and args [
  '-c',
  'wget --version > /dev/null\n' +
    'if [ $? -eq 0 ]\n' +
    'then\n' +
    '\twget --connect-timeout=7 --tries=1 --dns-timeout=7 -q  -O - http://169.254.169.254/metadata/v1/id\n' +
    'else\n' +
    '\tcurl --version > /dev/null\n' +
    '\tif [ $? -eq 0 ]\n' +
    '\tthen\n' +
    '\t\tcurl --connect-timeout 7 -s  http://169.254.169.254/metadata/v1/id\n' +
    '\tfi\n' +
    'fi\n' +
    'exit 0'
]
[IPC Library: Pty Host]  WARN Shell integration cannot be enabled for executable "/bin/sh" and args [
  '-c',
  'wget --version > /dev/null\n' +
    'if [ $? -eq 0 ]\n' +
    'then\n' +
    "\twget --connect-timeout=7 --tries=1 --dns-timeout=7 -q --header='Metadata-Flavor:Google' -O - http://metadata.google.internal/computeMetadata/v1/instance/id\n" +
    'else\n' +
    '\tcurl --version > /dev/null\n' +
    '\tif [ $? -eq 0 ]\n' +
    '\tthen\n' +
    "\t\tcurl --connect-timeout 7 -s --header='Metadata-Flavor:Google' http://metadata.google.internal/computeMetadata/v1/instance/id\n" +
    '\tfi\n' +
    'fi\n' +
    'exit 0'
]
[IPC Library: Pty Host]  WARN Shell integration cannot be enabled for executable "/bin/bash" and args []
[IPC Library: Pty Host]  INFO Persistent process "21": Replaying 5391 chars and 1 size events
