*
* Visual Studio Code Server
*
* By using the software, you agree to
* the Visual Studio Code Server License Terms (https://aka.ms/vscode-server-license) and
* the Microsoft Privacy Statement (https://privacy.microsoft.com/en-US/privacystatement).
*
Server bound to 127.0.0.1:46411 (IPv4)
Extension host agent listening on 46411

[00:23:25] Extension host agent started.
[00:23:25] [127.0.0.1][cd912811][ManagementConnection] New connection established.
[00:23:25] [127.0.0.1][d2df4816][ExtensionHostConnection] New connection established.
[00:23:25] [127.0.0.1][d2df4816][ExtensionHostConnection] <2580> Launched Extension Host Process.
Overwriting extension /home/hansol-test/.vscode-server/bin/e18005f0f1b33c29e81d732535d8c0e47cafb0b5/extensions/ms-vscode.js-debug-companion with /home/hansol-test/.vscode-server/extensions/ms-vscode.js-debug-companion-1.0.17.
Overwriting extension /home/hansol-test/.vscode-server/bin/e18005f0f1b33c29e81d732535d8c0e47cafb0b5/extensions/ms-vscode.references-view with /home/hansol-test/.vscode-server/extensions/ms-vscode.references-view-0.0.89.
[IPC Library: Pty Host]  WARN Shell integration cannot be enabled for executable "/bin/sh" and args [
  '-c',
  'wget --version > /dev/null\n' +
    'if [ $? -eq 0 ]\n' +
    'then\n' +
    "\twget --connect-timeout=7 --tries=1 --dns-timeout=7 -q --header='Metadata:true' -O - http://169.254.169.254/metadata/instance?api-version=2019-03-11\n" +
    'else\n' +
    '\tcurl --version > /dev/null\n' +
    '\tif [ $? -eq 0 ]\n' +
    '\tthen\n' +
    "\t\tcurl --connect-timeout 7 -s --header='Metadata:true' http://169.254.169.254/metadata/instance?api-version=2019-03-11\n" +
    '\tfi\n' +
    'fi\n' +
    'exit 0'
]
[IPC Library: Pty Host]  WARN Shell integration cannot be enabled for executable "/bin/sh" and args [
  '-c',
  'wget --version > /dev/null\n' +
    'if [ $? -eq 0 ]\n' +
    'then\n' +
    '\twget --connect-timeout=7 --tries=1 --dns-timeout=7 -q  -O - http://169.254.169.254/latest/meta-data/instance-id\n' +
    'else\n' +
    '\tcurl --version > /dev/null\n' +
    '\tif [ $? -eq 0 ]\n' +
    '\tthen\n' +
    '\t\tcurl --connect-timeout 7 -s  http://169.254.169.254/latest/meta-data/instance-id\n' +
    '\tfi\n' +
    'fi\n' +
    'exit 0'
]
[IPC Library: Pty Host]  WARN Shell integration cannot be enabled for executable "/bin/sh" and args [
  '-c',
  'wget --version > /dev/null\n' +
    'if [ $? -eq 0 ]\n' +
    'then\n' +
    '\twget --connect-timeout=7 --tries=1 --dns-timeout=7 -q  -O - http://169.254.169.254/metadata/v1/id\n' +
    'else\n' +
    '\tcurl --version > /dev/null\n' +
    '\tif [ $? -eq 0 ]\n' +
    '\tthen\n' +
    '\t\tcurl --connect-timeout 7 -s  http://169.254.169.254/metadata/v1/id\n' +
    '\tfi\n' +
    'fi\n' +
    'exit 0'
]
[IPC Library: Pty Host]  WARN Shell integration cannot be enabled for executable "/bin/sh" and args [
  '-c',
  'wget --version > /dev/null\n' +
    'if [ $? -eq 0 ]\n' +
    'then\n' +
    "\twget --connect-timeout=7 --tries=1 --dns-timeout=7 -q --header='Metadata-Flavor:Google' -O - http://metadata.google.internal/computeMetadata/v1/instance/id\n" +
    'else\n' +
    '\tcurl --version > /dev/null\n' +
    '\tif [ $? -eq 0 ]\n' +
    '\tthen\n' +
    "\t\tcurl --connect-timeout 7 -s --header='Metadata-Flavor:Google' http://metadata.google.internal/computeMetadata/v1/instance/id\n" +
    '\tfi\n' +
    'fi\n' +
    'exit 0'
]
[IPC Library: Pty Host]  WARN Shell integration cannot be enabled for executable "/bin/bash" and args []
[07:01:52] [127.0.0.1][cd912811][ManagementConnection] The client has disconnected gracefully, so the connection will be disposed.
[07:01:52] [127.0.0.1][d2df4816][ExtensionHostConnection] <2580> Extension Host Process exited with code: 0, signal: null.
Last EH closed, waiting before shutting down
[07:01:52] Last EH closed, waiting before shutting down
Got delay-shutdown request while in shutdown timeout, delaying
[07:01:56] Got delay-shutdown request while in shutdown timeout, delaying
Cancelling previous shutdown timeout
[07:01:56] Cancelling previous shutdown timeout
[07:01:56] [127.0.0.1][624d0721][ManagementConnection] New connection established.
[07:01:56] [127.0.0.1][e36ebb7c][ExtensionHostConnection] New connection established.
[07:01:56] [127.0.0.1][e36ebb7c][ExtensionHostConnection] <23913> Launched Extension Host Process.
Overwriting extension /home/hansol-test/.vscode-server/bin/e18005f0f1b33c29e81d732535d8c0e47cafb0b5/extensions/ms-vscode.js-debug-companion with /home/hansol-test/.vscode-server/extensions/ms-vscode.js-debug-companion-1.0.17.
Overwriting extension /home/hansol-test/.vscode-server/bin/e18005f0f1b33c29e81d732535d8c0e47cafb0b5/extensions/ms-vscode.references-view with /home/hansol-test/.vscode-server/extensions/ms-vscode.references-view-0.0.89.
[IPC Library: Pty Host]  WARN Shell integration cannot be enabled for executable "/bin/sh" and args [
  '-c',
  'wget --version > /dev/null\n' +
    'if [ $? -eq 0 ]\n' +
    'then\n' +
    "\twget --connect-timeout=7 --tries=1 --dns-timeout=7 -q --header='Metadata:true' -O - http://169.254.169.254/metadata/instance?api-version=2019-03-11\n" +
    'else\n' +
    '\tcurl --version > /dev/null\n' +
    '\tif [ $? -eq 0 ]\n' +
    '\tthen\n' +
    "\t\tcurl --connect-timeout 7 -s --header='Metadata:true' http://169.254.169.254/metadata/instance?api-version=2019-03-11\n" +
    '\tfi\n' +
    'fi\n' +
    'exit 0'
]
[IPC Library: Pty Host]  WARN Shell integration cannot be enabled for executable "/bin/sh" and args [
  '-c',
  'wget --version > /dev/null\n' +
    'if [ $? -eq 0 ]\n' +
    'then\n' +
    '\twget --connect-timeout=7 --tries=1 --dns-timeout=7 -q  -O - http://169.254.169.254/latest/meta-data/instance-id\n' +
    'else\n' +
    '\tcurl --version > /dev/null\n' +
    '\tif [ $? -eq 0 ]\n' +
    '\tthen\n' +
    '\t\tcurl --connect-timeout 7 -s  http://169.254.169.254/latest/meta-data/instance-id\n' +
    '\tfi\n' +
    'fi\n' +
    'exit 0'
]
[IPC Library: Pty Host]  WARN Shell integration cannot be enabled for executable "/bin/sh" and args [
  '-c',
  'wget --version > /dev/null\n' +
    'if [ $? -eq 0 ]\n' +
    'then\n' +
    '\twget --connect-timeout=7 --tries=1 --dns-timeout=7 -q  -O - http://169.254.169.254/metadata/v1/id\n' +
    'else\n' +
    '\tcurl --version > /dev/null\n' +
    '\tif [ $? -eq 0 ]\n' +
    '\tthen\n' +
    '\t\tcurl --connect-timeout 7 -s  http://169.254.169.254/metadata/v1/id\n' +
    '\tfi\n' +
    'fi\n' +
    'exit 0'
]
[IPC Library: Pty Host]  WARN Shell integration cannot be enabled for executable "/bin/sh" and args [
  '-c',
  'wget --version > /dev/null\n' +
    'if [ $? -eq 0 ]\n' +
    'then\n' +
    "\twget --connect-timeout=7 --tries=1 --dns-timeout=7 -q --header='Metadata-Flavor:Google' -O - http://metadata.google.internal/computeMetadata/v1/instance/id\n" +
    'else\n' +
    '\tcurl --version > /dev/null\n' +
    '\tif [ $? -eq 0 ]\n' +
    '\tthen\n' +
    "\t\tcurl --connect-timeout 7 -s --header='Metadata-Flavor:Google' http://metadata.google.internal/computeMetadata/v1/instance/id\n" +
    '\tfi\n' +
    'fi\n' +
    'exit 0'
]
[IPC Library: Pty Host]  WARN Shell integration cannot be enabled for executable "/bin/bash" and args []
Got delay-shutdown request while in shutdown timeout, delaying
[07:02:56] Got delay-shutdown request while in shutdown timeout, delaying
Cancelling previous shutdown timeout
[07:02:56] Cancelling previous shutdown timeout
[07:02:57] [127.0.0.1][37b3becd][ManagementConnection] New connection established.
[07:02:57] [127.0.0.1][cb5c26cf][ExtensionHostConnection] New connection established.
[07:02:57] [127.0.0.1][cb5c26cf][ExtensionHostConnection] <24114> Launched Extension Host Process.
Overwriting extension /home/hansol-test/.vscode-server/bin/e18005f0f1b33c29e81d732535d8c0e47cafb0b5/extensions/ms-vscode.js-debug-companion with /home/hansol-test/.vscode-server/extensions/ms-vscode.js-debug-companion-1.0.17.
Overwriting extension /home/hansol-test/.vscode-server/bin/e18005f0f1b33c29e81d732535d8c0e47cafb0b5/extensions/ms-vscode.references-view with /home/hansol-test/.vscode-server/extensions/ms-vscode.references-view-0.0.89.
[IPC Library: Pty Host]  WARN Shell integration cannot be enabled for executable "/bin/sh" and args [
  '-c',
  'wget --version > /dev/null\n' +
    'if [ $? -eq 0 ]\n' +
    'then\n' +
    "\twget --connect-timeout=7 --tries=1 --dns-timeout=7 -q --header='Metadata:true' -O - http://169.254.169.254/metadata/instance?api-version=2019-03-11\n" +
    'else\n' +
    '\tcurl --version > /dev/null\n' +
    '\tif [ $? -eq 0 ]\n' +
    '\tthen\n' +
    "\t\tcurl --connect-timeout 7 -s --header='Metadata:true' http://169.254.169.254/metadata/instance?api-version=2019-03-11\n" +
    '\tfi\n' +
    'fi\n' +
    'exit 0'
]
[IPC Library: Pty Host]  WARN Shell integration cannot be enabled for executable "/bin/sh" and args [
  '-c',
  'wget --version > /dev/null\n' +
    'if [ $? -eq 0 ]\n' +
    'then\n' +
    '\twget --connect-timeout=7 --tries=1 --dns-timeout=7 -q  -O - http://169.254.169.254/latest/meta-data/instance-id\n' +
    'else\n' +
    '\tcurl --version > /dev/null\n' +
    '\tif [ $? -eq 0 ]\n' +
    '\tthen\n' +
    '\t\tcurl --connect-timeout 7 -s  http://169.254.169.254/latest/meta-data/instance-id\n' +
    '\tfi\n' +
    'fi\n' +
    'exit 0'
]
[IPC Library: Pty Host]  WARN Shell integration cannot be enabled for executable "/bin/sh" and args [
  '-c',
  'wget --version > /dev/null\n' +
    'if [ $? -eq 0 ]\n' +
    'then\n' +
    '\twget --connect-timeout=7 --tries=1 --dns-timeout=7 -q  -O - http://169.254.169.254/metadata/v1/id\n' +
    'else\n' +
    '\tcurl --version > /dev/null\n' +
    '\tif [ $? -eq 0 ]\n' +
    '\tthen\n' +
    '\t\tcurl --connect-timeout 7 -s  http://169.254.169.254/metadata/v1/id\n' +
    '\tfi\n' +
    'fi\n' +
    'exit 0'
]
[IPC Library: Pty Host]  WARN Shell integration cannot be enabled for executable "/bin/sh" and args [
  '-c',
  'wget --version > /dev/null\n' +
    'if [ $? -eq 0 ]\n' +
    'then\n' +
    "\twget --connect-timeout=7 --tries=1 --dns-timeout=7 -q --header='Metadata-Flavor:Google' -O - http://metadata.google.internal/computeMetadata/v1/instance/id\n" +
    'else\n' +
    '\tcurl --version > /dev/null\n' +
    '\tif [ $? -eq 0 ]\n' +
    '\tthen\n' +
    "\t\tcurl --connect-timeout 7 -s --header='Metadata-Flavor:Google' http://metadata.google.internal/computeMetadata/v1/instance/id\n" +
    '\tfi\n' +
    'fi\n' +
    'exit 0'
]
[07:03:02] [127.0.0.1][37b3becd][ManagementConnection] The client has disconnected gracefully, so the connection will be disposed.
[07:03:02] [127.0.0.1][cb5c26cf][ExtensionHostConnection] <24114> Extension Host Process exited with code: 0, signal: null.
Cancelling previous shutdown timeout
[07:03:02] Cancelling previous shutdown timeout
[07:03:09] [127.0.0.1][e105cf86][ManagementConnection] New connection established.
Overwriting extension /home/hansol-test/.vscode-server/bin/e18005f0f1b33c29e81d732535d8c0e47cafb0b5/extensions/ms-vscode.js-debug-companion with /home/hansol-test/.vscode-server/extensions/ms-vscode.js-debug-companion-1.0.17.
Overwriting extension /home/hansol-test/.vscode-server/bin/e18005f0f1b33c29e81d732535d8c0e47cafb0b5/extensions/ms-vscode.references-view with /home/hansol-test/.vscode-server/extensions/ms-vscode.references-view-0.0.89.
[07:03:10] [127.0.0.1][993cc196][ExtensionHostConnection] New connection established.
[07:03:10] [127.0.0.1][993cc196][ExtensionHostConnection] <24253> Launched Extension Host Process.
[IPC Library: Pty Host]  WARN Shell integration cannot be enabled for executable "/bin/sh" and args [
  '-c',
  'wget --version > /dev/null\n' +
    'if [ $? -eq 0 ]\n' +
    'then\n' +
    "\twget --connect-timeout=7 --tries=1 --dns-timeout=7 -q --header='Metadata:true' -O - http://169.254.169.254/metadata/instance?api-version=2019-03-11\n" +
    'else\n' +
    '\tcurl --version > /dev/null\n' +
    '\tif [ $? -eq 0 ]\n' +
    '\tthen\n' +
    "\t\tcurl --connect-timeout 7 -s --header='Metadata:true' http://169.254.169.254/metadata/instance?api-version=2019-03-11\n" +
    '\tfi\n' +
    'fi\n' +
    'exit 0'
]
[IPC Library: Pty Host]  WARN Shell integration cannot be enabled for executable "/bin/sh" and args [
  '-c',
  'wget --version > /dev/null\n' +
    'if [ $? -eq 0 ]\n' +
    'then\n' +
    '\twget --connect-timeout=7 --tries=1 --dns-timeout=7 -q  -O - http://169.254.169.254/latest/meta-data/instance-id\n' +
    'else\n' +
    '\tcurl --version > /dev/null\n' +
    '\tif [ $? -eq 0 ]\n' +
    '\tthen\n' +
    '\t\tcurl --connect-timeout 7 -s  http://169.254.169.254/latest/meta-data/instance-id\n' +
    '\tfi\n' +
    'fi\n' +
    'exit 0'
]
[IPC Library: Pty Host]  WARN Shell integration cannot be enabled for executable "/bin/sh" and args [
  '-c',
  'wget --version > /dev/null\n' +
    'if [ $? -eq 0 ]\n' +
    'then\n' +
    '\twget --connect-timeout=7 --tries=1 --dns-timeout=7 -q  -O - http://169.254.169.254/metadata/v1/id\n' +
    'else\n' +
    '\tcurl --version > /dev/null\n' +
    '\tif [ $? -eq 0 ]\n' +
    '\tthen\n' +
    '\t\tcurl --connect-timeout 7 -s  http://169.254.169.254/metadata/v1/id\n' +
    '\tfi\n' +
    'fi\n' +
    'exit 0'
]
[IPC Library: Pty Host]  WARN Shell integration cannot be enabled for executable "/bin/sh" and args [
  '-c',
  'wget --version > /dev/null\n' +
    'if [ $? -eq 0 ]\n' +
    'then\n' +
    "\twget --connect-timeout=7 --tries=1 --dns-timeout=7 -q --header='Metadata-Flavor:Google' -O - http://metadata.google.internal/computeMetadata/v1/instance/id\n" +
    'else\n' +
    '\tcurl --version > /dev/null\n' +
    '\tif [ $? -eq 0 ]\n' +
    '\tthen\n' +
    "\t\tcurl --connect-timeout 7 -s --header='Metadata-Flavor:Google' http://metadata.google.internal/computeMetadata/v1/instance/id\n" +
    '\tfi\n' +
    'fi\n' +
    'exit 0'
]
[IPC Library: Pty Host]  WARN Shell integration cannot be enabled for executable "/bin/bash" and args []
[07:03:26] [127.0.0.1][e105cf86][ManagementConnection] The client has disconnected gracefully, so the connection will be disposed.
[07:03:26] [127.0.0.1][993cc196][ExtensionHostConnection] <24253> Extension Host Process exited with code: 0, signal: null.
[07:03:34] [127.0.0.1][9c66c5e5][ManagementConnection] New connection established.
[07:03:34] [127.0.0.1][4dd1a364][ExtensionHostConnection] New connection established.
[07:03:34] [127.0.0.1][4dd1a364][ExtensionHostConnection] <24395> Launched Extension Host Process.
Overwriting extension /home/hansol-test/.vscode-server/bin/e18005f0f1b33c29e81d732535d8c0e47cafb0b5/extensions/ms-vscode.js-debug-companion with /home/hansol-test/.vscode-server/extensions/ms-vscode.js-debug-companion-1.0.17.
Overwriting extension /home/hansol-test/.vscode-server/bin/e18005f0f1b33c29e81d732535d8c0e47cafb0b5/extensions/ms-vscode.references-view with /home/hansol-test/.vscode-server/extensions/ms-vscode.references-view-0.0.89.
[IPC Library: Pty Host]  WARN Shell integration cannot be enabled for executable "/bin/sh" and args [
  '-c',
  'wget --version > /dev/null\n' +
    'if [ $? -eq 0 ]\n' +
    'then\n' +
    "\twget --connect-timeout=7 --tries=1 --dns-timeout=7 -q --header='Metadata:true' -O - http://169.254.169.254/metadata/instance?api-version=2019-03-11\n" +
    'else\n' +
    '\tcurl --version > /dev/null\n' +
    '\tif [ $? -eq 0 ]\n' +
    '\tthen\n' +
    "\t\tcurl --connect-timeout 7 -s --header='Metadata:true' http://169.254.169.254/metadata/instance?api-version=2019-03-11\n" +
    '\tfi\n' +
    'fi\n' +
    'exit 0'
]
[IPC Library: Pty Host]  WARN Shell integration cannot be enabled for executable "/bin/sh" and args [
  '-c',
  'wget --version > /dev/null\n' +
    'if [ $? -eq 0 ]\n' +
    'then\n' +
    '\twget --connect-timeout=7 --tries=1 --dns-timeout=7 -q  -O - http://169.254.169.254/latest/meta-data/instance-id\n' +
    'else\n' +
    '\tcurl --version > /dev/null\n' +
    '\tif [ $? -eq 0 ]\n' +
    '\tthen\n' +
    '\t\tcurl --connect-timeout 7 -s  http://169.254.169.254/latest/meta-data/instance-id\n' +
    '\tfi\n' +
    'fi\n' +
    'exit 0'
]
[IPC Library: Pty Host]  WARN Shell integration cannot be enabled for executable "/bin/sh" and args [
  '-c',
  'wget --version > /dev/null\n' +
    'if [ $? -eq 0 ]\n' +
    'then\n' +
    '\twget --connect-timeout=7 --tries=1 --dns-timeout=7 -q  -O - http://169.254.169.254/metadata/v1/id\n' +
    'else\n' +
    '\tcurl --version > /dev/null\n' +
    '\tif [ $? -eq 0 ]\n' +
    '\tthen\n' +
    '\t\tcurl --connect-timeout 7 -s  http://169.254.169.254/metadata/v1/id\n' +
    '\tfi\n' +
    'fi\n' +
    'exit 0'
]
[IPC Library: Pty Host]  WARN Shell integration cannot be enabled for executable "/bin/sh" and args [
  '-c',
  'wget --version > /dev/null\n' +
    'if [ $? -eq 0 ]\n' +
    'then\n' +
    "\twget --connect-timeout=7 --tries=1 --dns-timeout=7 -q --header='Metadata-Flavor:Google' -O - http://metadata.google.internal/computeMetadata/v1/instance/id\n" +
    'else\n' +
    '\tcurl --version > /dev/null\n' +
    '\tif [ $? -eq 0 ]\n' +
    '\tthen\n' +
    "\t\tcurl --connect-timeout 7 -s --header='Metadata-Flavor:Google' http://metadata.google.internal/computeMetadata/v1/instance/id\n" +
    '\tfi\n' +
    'fi\n' +
    'exit 0'
]
[IPC Library: Pty Host]  WARN Shell integration cannot be enabled for executable "/usr/bin/bash" and args undefined
[07:04:05] [127.0.0.1][9c66c5e5][ManagementConnection] The client has disconnected gracefully, so the connection will be disposed.
[07:04:05] [127.0.0.1][4dd1a364][ExtensionHostConnection] <24395> Extension Host Process exited with code: 0, signal: null.
[07:04:10] [127.0.0.1][7a010499][ManagementConnection] New connection established.
[07:04:10] [127.0.0.1][124a6bf5][ExtensionHostConnection] New connection established.
[07:04:10] [127.0.0.1][124a6bf5][ExtensionHostConnection] <24551> Launched Extension Host Process.
Overwriting extension /home/hansol-test/.vscode-server/bin/e18005f0f1b33c29e81d732535d8c0e47cafb0b5/extensions/ms-vscode.js-debug-companion with /home/hansol-test/.vscode-server/extensions/ms-vscode.js-debug-companion-1.0.17.
Overwriting extension /home/hansol-test/.vscode-server/bin/e18005f0f1b33c29e81d732535d8c0e47cafb0b5/extensions/ms-vscode.references-view with /home/hansol-test/.vscode-server/extensions/ms-vscode.references-view-0.0.89.
[IPC Library: Pty Host]  WARN Shell integration cannot be enabled for executable "/bin/sh" and args [
  '-c',
  'wget --version > /dev/null\n' +
    'if [ $? -eq 0 ]\n' +
    'then\n' +
    "\twget --connect-timeout=7 --tries=1 --dns-timeout=7 -q --header='Metadata:true' -O - http://169.254.169.254/metadata/instance?api-version=2019-03-11\n" +
    'else\n' +
    '\tcurl --version > /dev/null\n' +
    '\tif [ $? -eq 0 ]\n' +
    '\tthen\n' +
    "\t\tcurl --connect-timeout 7 -s --header='Metadata:true' http://169.254.169.254/metadata/instance?api-version=2019-03-11\n" +
    '\tfi\n' +
    'fi\n' +
    'exit 0'
]
[IPC Library: Pty Host]  WARN Shell integration cannot be enabled for executable "/bin/sh" and args [
  '-c',
  'wget --version > /dev/null\n' +
    'if [ $? -eq 0 ]\n' +
    'then\n' +
    '\twget --connect-timeout=7 --tries=1 --dns-timeout=7 -q  -O - http://169.254.169.254/latest/meta-data/instance-id\n' +
    'else\n' +
    '\tcurl --version > /dev/null\n' +
    '\tif [ $? -eq 0 ]\n' +
    '\tthen\n' +
    '\t\tcurl --connect-timeout 7 -s  http://169.254.169.254/latest/meta-data/instance-id\n' +
    '\tfi\n' +
    'fi\n' +
    'exit 0'
]
[IPC Library: Pty Host]  WARN Shell integration cannot be enabled for executable "/bin/sh" and args [
  '-c',
  'wget --version > /dev/null\n' +
    'if [ $? -eq 0 ]\n' +
    'then\n' +
    '\twget --connect-timeout=7 --tries=1 --dns-timeout=7 -q  -O - http://169.254.169.254/metadata/v1/id\n' +
    'else\n' +
    '\tcurl --version > /dev/null\n' +
    '\tif [ $? -eq 0 ]\n' +
    '\tthen\n' +
    '\t\tcurl --connect-timeout 7 -s  http://169.254.169.254/metadata/v1/id\n' +
    '\tfi\n' +
    'fi\n' +
    'exit 0'
]
[IPC Library: Pty Host]  WARN Shell integration cannot be enabled for executable "/bin/sh" and args [
  '-c',
  'wget --version > /dev/null\n' +
    'if [ $? -eq 0 ]\n' +
    'then\n' +
    "\twget --connect-timeout=7 --tries=1 --dns-timeout=7 -q --header='Metadata-Flavor:Google' -O - http://metadata.google.internal/computeMetadata/v1/instance/id\n" +
    'else\n' +
    '\tcurl --version > /dev/null\n' +
    '\tif [ $? -eq 0 ]\n' +
    '\tthen\n' +
    "\t\tcurl --connect-timeout 7 -s --header='Metadata-Flavor:Google' http://metadata.google.internal/computeMetadata/v1/instance/id\n" +
    '\tfi\n' +
    'fi\n' +
    'exit 0'
]
rejected promise not handled within 1 second: Error: Could not find pty on pty host
stack trace: Error: Could not find pty on pty host,    at C._throwIfNoPty (/home/hansol-test/.vscode-server/bin/e18005f0f1b33c29e81d732535d8c0e47cafb0b5/out/vs/platform/terminal/node/ptyHostMain.js:20:5336),    at C.updateIcon (/home/hansol-test/.vscode-server/bin/e18005f0f1b33c29e81d732535d8c0e47cafb0b5/out/vs/platform/terminal/node/ptyHostMain.js:20:1736),    at Object.call (/home/hansol-test/.vscode-server/bin/e18005f0f1b33c29e81d732535d8c0e47cafb0b5/out/vs/platform/terminal/node/ptyHostMain.js:13:8332),    at E.onPromise (/home/hansol-test/.vscode-server/bin/e18005f0f1b33c29e81d732535d8c0e47cafb0b5/out/vs/platform/terminal/node/ptyHostMain.js:12:4867),    at E.onRawMessage (/home/hansol-test/.vscode-server/bin/e18005f0f1b33c29e81d732535d8c0e47cafb0b5/out/vs/platform/terminal/node/ptyHostMain.js:12:4262),    at /home/hansol-test/.vscode-server/bin/e18005f0f1b33c29e81d732535d8c0e47cafb0b5/out/vs/platform/terminal/node/ptyHostMain.js:12:3554,    at L.invoke (/home/hansol-test/.vscode-server/bin/e18005f0f1b33c29e81d732535d8c0e47cafb0b5/out/vs/platform/terminal/node/ptyHostMain.js:8:145),    at l.fire (/home/hansol-test/.vscode-server/bin/e18005f0f1b33c29e81d732535d8c0e47cafb0b5/out/vs/platform/terminal/node/ptyHostMain.js:8:1856),    at process.U (/home/hansol-test/.vscode-server/bin/e18005f0f1b33c29e81d732535d8c0e47cafb0b5/out/vs/platform/terminal/node/ptyHostMain.js:6:34661),    at process.emit (node:events:390:28),    at emit (node:internal/child_process:917:12),    at processTicksAndRejections (node:internal/process/task_queues:84:21)
[07:04:13] [Error: Could not find pty on pty host,    at C._throwIfNoPty (/home/hansol-test/.vscode-server/bin/e18005f0f1b33c29e81d732535d8c0e47cafb0b5/out/vs/platform/terminal/node/ptyHostMain.js:20:5336),    at C.updateIcon (/home/hansol-test/.vscode-server/bin/e18005f0f1b33c29e81d732535d8c0e47cafb0b5/out/vs/platform/terminal/node/ptyHostMain.js:20:1736),    at Object.call (/home/hansol-test/.vscode-server/bin/e18005f0f1b33c29e81d732535d8c0e47cafb0b5/out/vs/platform/terminal/node/ptyHostMain.js:13:8332),    at E.onPromise (/home/hansol-test/.vscode-server/bin/e18005f0f1b33c29e81d732535d8c0e47cafb0b5/out/vs/platform/terminal/node/ptyHostMain.js:12:4867),    at E.onRawMessage (/home/hansol-test/.vscode-server/bin/e18005f0f1b33c29e81d732535d8c0e47cafb0b5/out/vs/platform/terminal/node/ptyHostMain.js:12:4262),    at /home/hansol-test/.vscode-server/bin/e18005f0f1b33c29e81d732535d8c0e47cafb0b5/out/vs/platform/terminal/node/ptyHostMain.js:12:3554,    at L.invoke (/home/hansol-test/.vscode-server/bin/e18005f0f1b33c29e81d732535d8c0e47cafb0b5/out/vs/platform/terminal/node/ptyHostMain.js:8:145),    at l.fire (/home/hansol-test/.vscode-server/bin/e18005f0f1b33c29e81d732535d8c0e47cafb0b5/out/vs/platform/terminal/node/ptyHostMain.js:8:1856),    at process.U (/home/hansol-test/.vscode-server/bin/e18005f0f1b33c29e81d732535d8c0e47cafb0b5/out/vs/platform/terminal/node/ptyHostMain.js:6:34661),    at process.emit (node:events:390:28),    at emit (node:internal/child_process:917:12),    at processTicksAndRejections (node:internal/process/task_queues:84:21)]
rejected promise not handled within 1 second: Error: Could not find pty on pty host
stack trace: Error: Could not find pty on pty host,    at C._throwIfNoPty (/home/hansol-test/.vscode-server/bin/e18005f0f1b33c29e81d732535d8c0e47cafb0b5/out/vs/platform/terminal/node/ptyHostMain.js:20:5336),    at C.updateTitle (/home/hansol-test/.vscode-server/bin/e18005f0f1b33c29e81d732535d8c0e47cafb0b5/out/vs/platform/terminal/node/ptyHostMain.js:20:1676),    at Object.call (/home/hansol-test/.vscode-server/bin/e18005f0f1b33c29e81d732535d8c0e47cafb0b5/out/vs/platform/terminal/node/ptyHostMain.js:13:8332),    at E.onPromise (/home/hansol-test/.vscode-server/bin/e18005f0f1b33c29e81d732535d8c0e47cafb0b5/out/vs/platform/terminal/node/ptyHostMain.js:12:4867),    at E.onRawMessage (/home/hansol-test/.vscode-server/bin/e18005f0f1b33c29e81d732535d8c0e47cafb0b5/out/vs/platform/terminal/node/ptyHostMain.js:12:4262),    at /home/hansol-test/.vscode-server/bin/e18005f0f1b33c29e81d732535d8c0e47cafb0b5/out/vs/platform/terminal/node/ptyHostMain.js:12:3554,    at L.invoke (/home/hansol-test/.vscode-server/bin/e18005f0f1b33c29e81d732535d8c0e47cafb0b5/out/vs/platform/terminal/node/ptyHostMain.js:8:145),    at l.fire (/home/hansol-test/.vscode-server/bin/e18005f0f1b33c29e81d732535d8c0e47cafb0b5/out/vs/platform/terminal/node/ptyHostMain.js:8:1856),    at process.U (/home/hansol-test/.vscode-server/bin/e18005f0f1b33c29e81d732535d8c0e47cafb0b5/out/vs/platform/terminal/node/ptyHostMain.js:6:34661),    at process.emit (node:events:390:28),    at emit (node:internal/child_process:917:12),    at processTicksAndRejections (node:internal/process/task_queues:84:21)
[07:04:13] [Error: Could not find pty on pty host,    at C._throwIfNoPty (/home/hansol-test/.vscode-server/bin/e18005f0f1b33c29e81d732535d8c0e47cafb0b5/out/vs/platform/terminal/node/ptyHostMain.js:20:5336),    at C.updateTitle (/home/hansol-test/.vscode-server/bin/e18005f0f1b33c29e81d732535d8c0e47cafb0b5/out/vs/platform/terminal/node/ptyHostMain.js:20:1676),    at Object.call (/home/hansol-test/.vscode-server/bin/e18005f0f1b33c29e81d732535d8c0e47cafb0b5/out/vs/platform/terminal/node/ptyHostMain.js:13:8332),    at E.onPromise (/home/hansol-test/.vscode-server/bin/e18005f0f1b33c29e81d732535d8c0e47cafb0b5/out/vs/platform/terminal/node/ptyHostMain.js:12:4867),    at E.onRawMessage (/home/hansol-test/.vscode-server/bin/e18005f0f1b33c29e81d732535d8c0e47cafb0b5/out/vs/platform/terminal/node/ptyHostMain.js:12:4262),    at /home/hansol-test/.vscode-server/bin/e18005f0f1b33c29e81d732535d8c0e47cafb0b5/out/vs/platform/terminal/node/ptyHostMain.js:12:3554,    at L.invoke (/home/hansol-test/.vscode-server/bin/e18005f0f1b33c29e81d732535d8c0e47cafb0b5/out/vs/platform/terminal/node/ptyHostMain.js:8:145),    at l.fire (/home/hansol-test/.vscode-server/bin/e18005f0f1b33c29e81d732535d8c0e47cafb0b5/out/vs/platform/terminal/node/ptyHostMain.js:8:1856),    at process.U (/home/hansol-test/.vscode-server/bin/e18005f0f1b33c29e81d732535d8c0e47cafb0b5/out/vs/platform/terminal/node/ptyHostMain.js:6:34661),    at process.emit (node:events:390:28),    at emit (node:internal/child_process:917:12),    at processTicksAndRejections (node:internal/process/task_queues:84:21)]
[09:02:42] [127.0.0.1][7a010499][ManagementConnection] The client has disconnected gracefully, so the connection will be disposed.
[09:02:42] [127.0.0.1][124a6bf5][ExtensionHostConnection] <24551> Extension Host Process exited with code: 0, signal: null.
[09:05:42] [127.0.0.1][624d0721][ManagementConnection] The client has disconnected, will wait for reconnection 3h before disposing...
Error: Unexpected SIGPIPE
    at process.<anonymous> (/home/hansol-test/.vscode-server/bin/e18005f0f1b33c29e81d732535d8c0e47cafb0b5/out/bootstrap.js:1:370)
    at process.emit (node:events:390:28)
[12:05:50] [127.0.0.1][e36ebb7c][ExtensionHostConnection] <23913> Extension Host Process exited with code: 0, signal: null.
Last EH closed, waiting before shutting down
[12:05:50] Last EH closed, waiting before shutting down
[12:05:53] [127.0.0.1][624d0721][ManagementConnection] The reconnection grace time of 3h has expired, so the connection will be disposed.
Last EH closed, shutting down
[12:10:50] Last EH closed, shutting down
